<?xml version="1.0" encoding="UTF-8"?>
<testng-results ignored="0" total="2" passed="2" failed="0" skipped="0">
  <reporter-output>
    <line>
      <![CDATA[pass]]>
    </line>
  </reporter-output>
  <suite started-at="2021-05-04T10:23:26 IST" name="Default suite" finished-at="2021-05-04T10:23:26 IST" duration-ms="226">
    <groups>
    </groups>
    <test started-at="2021-05-04T10:23:26 IST" name="Default test" finished-at="2021-05-04T10:23:26 IST" duration-ms="226">
      <class name="exercise.sample">
        <test-method signature="run()[pri:0, instance:exercise.sample@7671cb68]" started-at="2021-05-04T10:23:26 IST" name="run" finished-at="2021-05-04T10:23:26 IST" duration-ms="88" status="PASS">
          <reporter-output>
          </reporter-output>
        </test-method> <!-- run -->
        <test-method signature="testcase2()[pri:1, instance:exercise.sample@7671cb68]" started-at="2021-05-04T10:23:26 IST" name="testcase2" finished-at="2021-05-04T10:23:26 IST" duration-ms="6" status="PASS">
          <reporter-output>
            <line>
              <![CDATA[pass]]>
            </line>
          </reporter-output>
        </test-method> <!-- testcase2 -->
      </class> <!-- exercise.sample -->
    </test> <!-- Default test -->
  </suite> <!-- Default suite -->
</testng-results>
